Using pre-set license
Built from '2022.3/staging' branch; Version is '2022.3.6f1 (b9e6e7e9fa2d) revision 12183271'; Using compiler version '192829333'; Build Type 'Release'
OS: 'Windows 10  (10.0.19045) 64bit Professional' Language: 'pt' Physical Memory: 16334 MB
BatchMode: 1, IsHumanControllingUs: 0, StartBugReporterOnCrash: 0, Is64bit: 1, IsPro: 1

COMMAND LINE ARGUMENTS:
C:\Program Files\Unity\Hub\Editor\2022.3.6f1\Editor\Unity.exe
-adb2
-batchMode
-noUpm
-name
AssetImportWorker0
-projectPath
D:/feira xp/ProjetoshoopingXP - Copia
-logFile
Logs/AssetImportWorker0.log
-srvPort
55511
Successfully changed project path to: D:/feira xp/ProjetoshoopingXP - Copia
D:/feira xp/ProjetoshoopingXP - Copia
[UnityMemory] Configuration Parameters - Can be set up in boot.config
    "memorysetup-bucket-allocator-granularity=16"
    "memorysetup-bucket-allocator-bucket-count=8"
    "memorysetup-bucket-allocator-block-size=33554432"
    "memorysetup-bucket-allocator-block-count=8"
    "memorysetup-main-allocator-block-size=16777216"
    "memorysetup-thread-allocator-block-size=16777216"
    "memorysetup-gfx-main-allocator-block-size=16777216"
    "memorysetup-gfx-thread-allocator-block-size=16777216"
    "memorysetup-cache-allocator-block-size=4194304"
    "memorysetup-typetree-allocator-block-size=2097152"
    "memorysetup-profiler-bucket-allocator-granularity=16"
    "memorysetup-profiler-bucket-allocator-bucket-count=8"
    "memorysetup-profiler-bucket-allocator-block-size=33554432"
    "memorysetup-profiler-bucket-allocator-block-count=8"
    "memorysetup-profiler-allocator-block-size=16777216"
    "memorysetup-profiler-editor-allocator-block-size=1048576"
    "memorysetup-temp-allocator-size-main=16777216"
    "memorysetup-job-temp-allocator-block-size=2097152"
    "memorysetup-job-temp-allocator-block-size-background=1048576"
    "memorysetup-job-temp-allocator-reduction-small-platforms=262144"
    "memorysetup-allocator-temp-initial-block-size-main=262144"
    "memorysetup-allocator-temp-initial-block-size-worker=262144"
    "memorysetup-temp-allocator-size-background-worker=32768"
    "memorysetup-temp-allocator-size-job-worker=262144"
    "memorysetup-temp-allocator-size-preload-manager=33554432"
    "memorysetup-temp-allocator-size-nav-mesh-worker=65536"
    "memorysetup-temp-allocator-size-audio-worker=65536"
    "memorysetup-temp-allocator-size-cloud-worker=32768"
    "memorysetup-temp-allocator-size-gi-baking-worker=262144"
    "memorysetup-temp-allocator-size-gfx=262144"
Player connection [10536] Host "[IP] 192.168.25.17 [Port] 0 [Flags] 2 [Guid] 3258088065 [EditorId] 3258088065 [Version] 1048832 [Id] WindowsEditor(7,DESKTOP-9VQAB5O) [Debug] 1 [PackageName] WindowsEditor [ProjectName] Editor" joined multi-casting on [225.0.0.222:54997]...

Player connection [10536] Host "[IP] 192.168.25.17 [Port] 0 [Flags] 2 [Guid] 3258088065 [EditorId] 3258088065 [Version] 1048832 [Id] WindowsEditor(7,DESKTOP-9VQAB5O) [Debug] 1 [PackageName] WindowsEditor [ProjectName] Editor" joined alternative multi-casting on [225.0.0.222:34997]...

Refreshing native plugins compatible for Editor in 95.12 ms, found 3 plugins.
Preloading 0 native plugins for Editor in 0.00 ms.
Initialize engine version: 2022.3.6f1 (b9e6e7e9fa2d)
[Subsystems] Discovering subsystems at path C:/Program Files/Unity/Hub/Editor/2022.3.6f1/Editor/Data/Resources/UnitySubsystems
[Subsystems] Discovering subsystems at path D:/feira xp/ProjetoshoopingXP - Copia/Assets
GfxDevice: creating device client; threaded=0; jobified=0
Direct3D:
    Version:  Direct3D 11.0 [level 11.1]
    Renderer: NVIDIA GeForce GTX 1060 3GB (ID=0x1c02)
    Vendor:   NVIDIA
    VRAM:     2988 MB
    Driver:   30.0.15.1179
Initialize mono
Mono path[0] = 'C:/Program Files/Unity/Hub/Editor/2022.3.6f1/Editor/Data/Managed'
Mono path[1] = 'C:/Program Files/Unity/Hub/Editor/2022.3.6f1/Editor/Data/MonoBleedingEdge/lib/mono/unityjit-win32'
Mono config path = 'C:/Program Files/Unity/Hub/Editor/2022.3.6f1/Editor/Data/MonoBleedingEdge/etc'
Using monoOptions --debugger-agent=transport=dt_socket,embedding=1,server=y,suspend=n,address=127.0.0.1:56188
Begin MonoManager ReloadAssembly
Registering precompiled unity dll's ...
Register platform support module: C:/Program Files/Unity/Hub/Editor/2022.3.6f1/Editor/Data/PlaybackEngines/AndroidPlayer/UnityEditor.Android.Extensions.dll
Register platform support module: C:/Program Files/Unity/Hub/Editor/2022.3.6f1/Editor/Data/PlaybackEngines/WindowsStandaloneSupport/UnityEditor.WindowsStandalone.Extensions.dll
Registered in 0.022322 seconds.
- Loaded All Assemblies, in  0.938 seconds
Native extension for WindowsStandalone target not found
Native extension for Android target not found
Mono: successfully reloaded assembly
- Finished resetting the current domain, in  0.453 seconds
Domain Reload Profiling: 1387ms
	BeginReloadAssembly (119ms)
		ExecutionOrderSort (0ms)
		DisableScriptedObjects (0ms)
		BackupInstance (0ms)
		ReleaseScriptingObjects (0ms)
		CreateAndSetChildDomain (1ms)
	RebuildCommonClasses (216ms)
	RebuildNativeTypeToScriptingClass (16ms)
	initialDomainReloadingComplete (99ms)
	LoadAllAssembliesAndSetupDomain (483ms)
		LoadAssemblies (115ms)
		RebuildTransferFunctionScriptingTraits (0ms)
		AnalyzeDomain (470ms)
			TypeCache.Refresh (469ms)
				TypeCache.ScanAssembly (363ms)
			ScanForSourceGeneratedMonoScriptInfo (0ms)
			ResolveRequiredComponents (1ms)
	FinalizeReload (454ms)
		ReleaseScriptCaches (0ms)
		RebuildScriptCaches (0ms)
		SetupLoadedEditorAssemblies (376ms)
			LogAssemblyErrors (0ms)
			InitializePlatformSupportModulesInManaged (116ms)
			SetLoadedEditorAssemblies (5ms)
			RefreshPlugins (0ms)
			BeforeProcessingInitializeOnLoad (3ms)
			ProcessInitializeOnLoadAttributes (167ms)
			ProcessInitializeOnLoadMethodAttributes (84ms)
			AfterProcessingInitializeOnLoad (0ms)
			EditorAssembliesLoaded (0ms)
		ExecutionOrderSort2 (0ms)
		AwakeInstancesAfterBackupRestoration (0ms)
========================================================================
Worker process is ready to serve import requests
Begin MonoManager ReloadAssembly
- Loaded All Assemblies, in  0.908 seconds
Refreshing native plugins compatible for Editor in 2.70 ms, found 3 plugins.
Native extension for WindowsStandalone target not found
Native extension for Android target not found
Package Manager log level set to [2]
[Package Manager] Server::EnsureServerProcessIsRunning -- launch failed, reason: Unity was launched with the -noUpm command-line argument
[Package Manager] UpmClient::Send -- Unable to send message (not connected to UPM process).
[Package Manager] Cannot connect to Unity Package Manager local server
Mono: successfully reloaded assembly
- Finished resetting the current domain, in  0.698 seconds
Domain Reload Profiling: 1601ms
	BeginReloadAssembly (171ms)
		ExecutionOrderSort (0ms)
		DisableScriptedObjects (8ms)
		BackupInstance (0ms)
		ReleaseScriptingObjects (0ms)
		CreateAndSetChildDomain (24ms)
	RebuildCommonClasses (45ms)
	RebuildNativeTypeToScriptingClass (18ms)
	initialDomainReloadingComplete (62ms)
	LoadAllAssembliesAndSetupDomain (607ms)
		LoadAssemblies (328ms)
		RebuildTransferFunctionScriptingTraits (0ms)
		AnalyzeDomain (362ms)
			TypeCache.Refresh (340ms)
				TypeCache.ScanAssembly (324ms)
			ScanForSourceGeneratedMonoScriptInfo (16ms)
			ResolveRequiredComponents (6ms)
	FinalizeReload (698ms)
		ReleaseScriptCaches (0ms)
		RebuildScriptCaches (0ms)
		SetupLoadedEditorAssemblies (510ms)
			LogAssemblyErrors (0ms)
			InitializePlatformSupportModulesInManaged (33ms)
			SetLoadedEditorAssemblies (4ms)
			RefreshPlugins (0ms)
			BeforeProcessingInitializeOnLoad (75ms)
			ProcessInitializeOnLoadAttributes (357ms)
			ProcessInitializeOnLoadMethodAttributes (25ms)
			AfterProcessingInitializeOnLoad (17ms)
			EditorAssembliesLoaded (0ms)
		ExecutionOrderSort2 (0ms)
		AwakeInstancesAfterBackupRestoration (8ms)
Launched and connected shader compiler UnityShaderCompiler.exe after 0.05 seconds
Refreshing native plugins compatible for Editor in 2.94 ms, found 3 plugins.
Preloading 0 native plugins for Editor in 0.00 ms.
Unloading 3106 Unused Serialized files (Serialized files now loaded: 0)
Unloading 31 unused Assets / (57.5 KB). Loaded Objects now: 3580.
Memory consumption went from 188.6 MB to 188.5 MB.
Total: 5.766500 ms (FindLiveObjects: 0.395000 ms CreateObjectMapping: 0.145500 ms MarkObjects: 4.882600 ms  DeleteObjects: 0.341900 ms)

AssetImportParameters requested are different than current active one (requested -> active):
  custom:container-demuxer-ogg: 62fdf1f143b41e24485cea50d1cbac27 -> 
  custom:video-decoder-ogg-theora: a1e56fd34408186e4bbccfd4996cb3dc -> 
  custom:framework-win-MediaFoundation: 216162199b28c13a410421893ffa2e32 -> 
  custom:CustomObjectIndexerAttribute: 756ad292c208cfabdd7b50bc23989ffe -> 
  custom:container-demuxer-webm: 4f35f7cbe854078d1ac9338744f61a02 -> 
  custom:container-muxer-webm: aa71ff27fc2769a1b78a27578f13a17b -> 
  custom:video-decoder-webm-vp8: 9c59270c3fd7afecdb556c50c9e8de78 -> 
  custom:SearchIndexIgnoredProperties: e643bd26f0fe6173181afceb89e7c659 -> 
  custom:AudioImporter_EditorPlatform: d09bf68614088b80899f8185d706f6e7 -> 
  custom:video-encoder-webm-vp8: eb34c28f22e8b96e1ab97ce403110664 -> 
  custom:audio-decoder-ogg-vorbis: bf7c407c2cedff20999df2af8eb42d56 -> 
  custom:audio-encoder-webm-vorbis: bf7c407c2cedff20999df2af8eb42d56 -> 
========================================================================
Received Import Request.
  Time since last request: 839132.213661 seconds.
  path: Assets/FreeLabAssets/Shaders
  artifactKey: Guid(262e72a3add4e4259ad34398f25d7275) Importer(815301076,1909f56bfc062723c751e8b465ee728b)
Start importing Assets/FreeLabAssets/Shaders using Guid(262e72a3add4e4259ad34398f25d7275) Importer(815301076,1909f56bfc062723c751e8b465ee728b)  -> (artifact id: '35404adddd5404b723d58c09280bf974') in 0.003401 seconds
Number of updated asset objects reloaded before import = 0
Number of asset objects unloaded after import = 0
========================================================================
Received Import Request.
  Time since last request: 0.386502 seconds.
  path: Assets/FreeLabAssets/Scenes
  artifactKey: Guid(4f704ae4b4f98ae41a0bce26658850c1) Importer(815301076,1909f56bfc062723c751e8b465ee728b)
Start importing Assets/FreeLabAssets/Scenes using Guid(4f704ae4b4f98ae41a0bce26658850c1) Importer(815301076,1909f56bfc062723c751e8b465ee728b)  -> (artifact id: '5eb43e8559fe0bc0d2c1814626e49043') in 0.000591 seconds
Number of updated asset objects reloaded before import = 0
Number of asset objects unloaded after import = 0
========================================================================
Received Import Request.
  Time since last request: 2.476429 seconds.
  path: Assets/FreeLabAssets/Models
  artifactKey: Guid(e63c0fe188d464289a115cc73f63ef18) Importer(815301076,1909f56bfc062723c751e8b465ee728b)
Start importing Assets/FreeLabAssets/Models using Guid(e63c0fe188d464289a115cc73f63ef18) Importer(815301076,1909f56bfc062723c751e8b465ee728b)  -> (artifact id: '348a74fea8ac852617e2a4e4fc259a76') in 0.000444 seconds
Number of updated asset objects reloaded before import = 0
Number of asset objects unloaded after import = 0
========================================================================
Received Import Request.
  Time since last request: 0.070282 seconds.
  path: Assets/FreeLabAssets/Models/Flask_01.fbx
  artifactKey: Guid(3475b932e25f196499c2c98f6fc6367a) Importer(815301076,1909f56bfc062723c751e8b465ee728b)
Start importing Assets/FreeLabAssets/Models/Flask_01.fbx using Guid(3475b932e25f196499c2c98f6fc6367a) Importer(815301076,1909f56bfc062723c751e8b465ee728b)  -> (artifact id: 'e57b8fa1ed30d5283be171100c62cd80') in 0.141566 seconds
Number of updated asset objects reloaded before import = 0
Number of asset objects unloaded after import = 12
========================================================================
Received Import Request.
  Time since last request: 0.000033 seconds.
  path: Assets/FreeLabAssets/Models/Pipette.fbx
  artifactKey: Guid(c868e02eb4b044054a4d63b6ec2a3eeb) Importer(815301076,1909f56bfc062723c751e8b465ee728b)
Start importing Assets/FreeLabAssets/Models/Pipette.fbx using Guid(c868e02eb4b044054a4d63b6ec2a3eeb) Importer(815301076,1909f56bfc062723c751e8b465ee728b)  -> (artifact id: 'a776f2e9619100b1f4736ae58697d53e') in 0.028799 seconds
Number of updated asset objects reloaded before import = 0
Number of asset objects unloaded after import = 12
========================================================================
Received Import Request.
  Time since last request: 0.000019 seconds.
  path: Assets/FreeLabAssets/Models/Flask_03.fbx
  artifactKey: Guid(217c04de4fe6a3345a209b712c4e99f6) Importer(815301076,1909f56bfc062723c751e8b465ee728b)
Start importing Assets/FreeLabAssets/Models/Flask_03.fbx using Guid(217c04de4fe6a3345a209b712c4e99f6) Importer(815301076,1909f56bfc062723c751e8b465ee728b)  -> (artifact id: 'a77e120641505a8b999d547577eff73b') in 0.025875 seconds
Number of updated asset objects reloaded before import = 0
Number of asset objects unloaded after import = 12
========================================================================
Received Import Request.
  Time since last request: 0.000030 seconds.
  path: Assets/FreeLabAssets/Models/Pipette_Multy.fbx
  artifactKey: Guid(807ac9d48801b463ca33b8555c895515) Importer(815301076,1909f56bfc062723c751e8b465ee728b)
Start importing Assets/FreeLabAssets/Models/Pipette_Multy.fbx using Guid(807ac9d48801b463ca33b8555c895515) Importer(815301076,1909f56bfc062723c751e8b465ee728b)  -> (artifact id: 'f6ea1e4314ee24fea81ffc6836f7cd4a') in 0.027588 seconds
Number of updated asset objects reloaded before import = 0
Number of asset objects unloaded after import = 12
========================================================================
Received Import Request.
  Time since last request: 3.452353 seconds.
  path: Assets/FreeLabAssets/Materials
  artifactKey: Guid(e46e324a09dbf4c73bd5a6452f38aaaf) Importer(815301076,1909f56bfc062723c751e8b465ee728b)
Start importing Assets/FreeLabAssets/Materials using Guid(e46e324a09dbf4c73bd5a6452f38aaaf) Importer(815301076,1909f56bfc062723c751e8b465ee728b)  -> (artifact id: '31ad891c0f323c75737c3e2eab291c8a') in 0.000548 seconds
Number of updated asset objects reloaded before import = 0
Number of asset objects unloaded after import = 0
========================================================================
Received Import Request.
  Time since last request: 0.047446 seconds.
  path: Assets/FreeLabAssets/Materials/M_FloorTest.mat
  artifactKey: Guid(05d20ead145bb4dc6b01f22e3efcd412) Importer(815301076,1909f56bfc062723c751e8b465ee728b)
Start importing Assets/FreeLabAssets/Materials/M_FloorTest.mat using Guid(05d20ead145bb4dc6b01f22e3efcd412) Importer(815301076,1909f56bfc062723c751e8b465ee728b)  -> (artifact id: '69f848a6f200ed789d23592bf86e71b6') in 0.034416 seconds
Number of updated asset objects reloaded before import = 0
Number of asset objects unloaded after import = 1
========================================================================
Received Import Request.
  Time since last request: 0.000032 seconds.
  path: Assets/FreeLabAssets/Materials/M_Pipette.mat
  artifactKey: Guid(f0a1cba5fae4047dc9cc0fb360a667d3) Importer(815301076,1909f56bfc062723c751e8b465ee728b)
Start importing Assets/FreeLabAssets/Materials/M_Pipette.mat using Guid(f0a1cba5fae4047dc9cc0fb360a667d3) Importer(815301076,1909f56bfc062723c751e8b465ee728b)  -> (artifact id: 'c7b3526ab1780f50d3519bfe08b7bb04') in 0.114454 seconds
Number of updated asset objects reloaded before import = 0
Number of asset objects unloaded after import = 5
========================================================================
Received Import Request.
  Time since last request: 0.000025 seconds.
  path: Assets/FreeLabAssets/Materials/M_Glass_Flask_01.mat
  artifactKey: Guid(188b9e44774a64b17989bd65d8606e57) Importer(815301076,1909f56bfc062723c751e8b465ee728b)
Start importing Assets/FreeLabAssets/Materials/M_Glass_Flask_01.mat using Guid(188b9e44774a64b17989bd65d8606e57) Importer(815301076,1909f56bfc062723c751e8b465ee728b)  -> (artifact id: 'c89396bc5b3d6bd3e7a51d767eeda01b') in 0.308440 seconds
Number of updated asset objects reloaded before import = 0
Number of asset objects unloaded after import = 2
========================================================================
Received Import Request.
  Time since last request: 6.081479 seconds.
  path: Assets/FreeLabAssets/Textures/Mana_FX.tga
  artifactKey: Guid(cc1af833400504e3188b655b2a82f97b) Importer(815301076,1909f56bfc062723c751e8b465ee728b)
Start importing Assets/FreeLabAssets/Textures/Mana_FX.tga using Guid(cc1af833400504e3188b655b2a82f97b) Importer(815301076,1909f56bfc062723c751e8b465ee728b)  -> (artifact id: '739cbca311ae0c710a46c404945f29d4') in 0.423570 seconds
Number of updated asset objects reloaded before import = 0
Number of asset objects unloaded after import = 2
========================================================================
Received Import Request.
  Time since last request: 0.000019 seconds.
  path: Assets/FreeLabAssets/Textures/Pipette_Alb.tga
  artifactKey: Guid(8942adacda12f47e2a72969825774394) Importer(815301076,1909f56bfc062723c751e8b465ee728b)
Start importing Assets/FreeLabAssets/Textures/Pipette_Alb.tga using Guid(8942adacda12f47e2a72969825774394) Importer(815301076,1909f56bfc062723c751e8b465ee728b)  -> (artifact id: 'e99cc2b2b93e9cbe127a4fc589174bc3') in 0.099901 seconds
Number of updated asset objects reloaded before import = 0
Number of asset objects unloaded after import = 2
========================================================================
Received Import Request.
  Time since last request: 0.000024 seconds.
  path: Assets/FreeLabAssets/Textures/Pipette_N.tga
  artifactKey: Guid(f253397bbf9164cfda87b08f7c0f6394) Importer(815301076,1909f56bfc062723c751e8b465ee728b)
Start importing Assets/FreeLabAssets/Textures/Pipette_N.tga using Guid(f253397bbf9164cfda87b08f7c0f6394) Importer(815301076,1909f56bfc062723c751e8b465ee728b)  -> (artifact id: 'ef4eb0a2da9da00c9a98b5e1a22390fe') in 0.032228 seconds
Number of updated asset objects reloaded before import = 0
Number of asset objects unloaded after import = 2
========================================================================
Received Import Request.
  Time since last request: 3.030259 seconds.
  path: Assets/FreeLabAssets/Scenes/SampleScene/ReflectionProbe-0.exr
  artifactKey: Guid(a1d646832b0ec4104baf45fe9cef3281) Importer(815301076,1909f56bfc062723c751e8b465ee728b)
Start importing Assets/FreeLabAssets/Scenes/SampleScene/ReflectionProbe-0.exr using Guid(a1d646832b0ec4104baf45fe9cef3281) Importer(815301076,1909f56bfc062723c751e8b465ee728b)  -> (artifact id: '2ef7772fce33d6580f8bc89a79e9e9c1') in 0.024624 seconds
Number of updated asset objects reloaded before import = 0
Number of asset objects unloaded after import = 1
========================================================================
Received Prepare
Begin MonoManager ReloadAssembly
- Loaded All Assemblies, in  0.937 seconds
Refreshing native plugins compatible for Editor in 2.81 ms, found 3 plugins.
Native extension for WindowsStandalone target not found
Native extension for Android target not found
[Package Manager] Server::EnsureServerProcessIsRunning -- launch failed, reason: Unity was launched with the -noUpm command-line argument
[Package Manager] UpmClient::Send -- Unable to send message (not connected to UPM process).
[Package Manager] Cannot connect to Unity Package Manager local server
Mono: successfully reloaded assembly
- Finished resetting the current domain, in  1.030 seconds
Domain Reload Profiling: 1960ms
	BeginReloadAssembly (232ms)
		ExecutionOrderSort (0ms)
		DisableScriptedObjects (6ms)
		BackupInstance (0ms)
		ReleaseScriptingObjects (0ms)
		CreateAndSetChildDomain (46ms)
	RebuildCommonClasses (50ms)
	RebuildNativeTypeToScriptingClass (17ms)
	initialDomainReloadingComplete (52ms)
	LoadAllAssembliesAndSetupDomain (579ms)
		LoadAssemblies (377ms)
		RebuildTransferFunctionScriptingTraits (0ms)
		AnalyzeDomain (335ms)
			TypeCache.Refresh (330ms)
				TypeCache.ScanAssembly (316ms)
			ScanForSourceGeneratedMonoScriptInfo (0ms)
			ResolveRequiredComponents (5ms)
	FinalizeReload (1030ms)
		ReleaseScriptCaches (0ms)
		RebuildScriptCaches (0ms)
		SetupLoadedEditorAssemblies (511ms)
			LogAssemblyErrors (0ms)
			InitializePlatformSupportModulesInManaged (39ms)
			SetLoadedEditorAssemblies (5ms)
			RefreshPlugins (0ms)
			BeforeProcessingInitializeOnLoad (85ms)
			ProcessInitializeOnLoadAttributes (341ms)
			ProcessInitializeOnLoadMethodAttributes (24ms)
			AfterProcessingInitializeOnLoad (18ms)
			EditorAssembliesLoaded (0ms)
		ExecutionOrderSort2 (0ms)
		AwakeInstancesAfterBackupRestoration (8ms)
Refreshing native plugins compatible for Editor in 2.60 ms, found 3 plugins.
Preloading 0 native plugins for Editor in 0.00 ms.
Unloading 3084 Unused Serialized files (Serialized files now loaded: 0)
Unloading 21 unused Assets / (29.7 KB). Loaded Objects now: 3632.
Memory consumption went from 183.4 MB to 183.4 MB.
Total: 4.328100 ms (FindLiveObjects: 0.356100 ms CreateObjectMapping: 0.084700 ms MarkObjects: 3.826800 ms  DeleteObjects: 0.059100 ms)

Prepare: number of updated asset objects reloaded= 0
AssetImportParameters requested are different than current active one (requested -> active):
  custom:container-demuxer-ogg: 62fdf1f143b41e24485cea50d1cbac27 -> 
  custom:video-decoder-ogg-theora: a1e56fd34408186e4bbccfd4996cb3dc -> 
  custom:framework-win-MediaFoundation: 216162199b28c13a410421893ffa2e32 -> 
  custom:CustomObjectIndexerAttribute: 756ad292c208cfabdd7b50bc23989ffe -> 
  custom:container-demuxer-webm: 4f35f7cbe854078d1ac9338744f61a02 -> 
  custom:container-muxer-webm: aa71ff27fc2769a1b78a27578f13a17b -> 
  custom:video-decoder-webm-vp8: 9c59270c3fd7afecdb556c50c9e8de78 -> 
  custom:SearchIndexIgnoredProperties: e643bd26f0fe6173181afceb89e7c659 -> 
  custom:AudioImporter_EditorPlatform: d09bf68614088b80899f8185d706f6e7 -> 
  custom:video-encoder-webm-vp8: eb34c28f22e8b96e1ab97ce403110664 -> 
  custom:audio-decoder-ogg-vorbis: bf7c407c2cedff20999df2af8eb42d56 -> 
  custom:audio-encoder-webm-vorbis: bf7c407c2cedff20999df2af8eb42d56 -> 
========================================================================
Received Prepare
Begin MonoManager ReloadAssembly
- Loaded All Assemblies, in  0.818 seconds
Refreshing native plugins compatible for Editor in 2.42 ms, found 3 plugins.
Native extension for WindowsStandalone target not found
Native extension for Android target not found
[Package Manager] Server::EnsureServerProcessIsRunning -- launch failed, reason: Unity was launched with the -noUpm command-line argument
[Package Manager] UpmClient::Send -- Unable to send message (not connected to UPM process).
[Package Manager] Cannot connect to Unity Package Manager local server
Mono: successfully reloaded assembly
- Finished resetting the current domain, in  0.964 seconds
Domain Reload Profiling: 1777ms
	BeginReloadAssembly (165ms)
		ExecutionOrderSort (0ms)
		DisableScriptedObjects (7ms)
		BackupInstance (0ms)
		ReleaseScriptingObjects (0ms)
		CreateAndSetChildDomain (39ms)
	RebuildCommonClasses (44ms)
	RebuildNativeTypeToScriptingClass (13ms)
	initialDomainReloadingComplete (43ms)
	LoadAllAssembliesAndSetupDomain (548ms)
		LoadAssemblies (309ms)
		RebuildTransferFunctionScriptingTraits (0ms)
		AnalyzeDomain (311ms)
			TypeCache.Refresh (304ms)
				TypeCache.ScanAssembly (291ms)
			ScanForSourceGeneratedMonoScriptInfo (2ms)
			ResolveRequiredComponents (5ms)
	FinalizeReload (965ms)
		ReleaseScriptCaches (0ms)
		RebuildScriptCaches (0ms)
		SetupLoadedEditorAssemblies (438ms)
			LogAssemblyErrors (0ms)
			InitializePlatformSupportModulesInManaged (32ms)
			SetLoadedEditorAssemblies (5ms)
			RefreshPlugins (0ms)
			BeforeProcessingInitializeOnLoad (80ms)
			ProcessInitializeOnLoadAttributes (284ms)
			ProcessInitializeOnLoadMethodAttributes (21ms)
			AfterProcessingInitializeOnLoad (16ms)
			EditorAssembliesLoaded (0ms)
		ExecutionOrderSort2 (0ms)
		AwakeInstancesAfterBackupRestoration (7ms)
Refreshing native plugins compatible for Editor in 2.58 ms, found 3 plugins.
Preloading 0 native plugins for Editor in 0.00 ms.
Unloading 3085 Unused Serialized files (Serialized files now loaded: 0)
Unloading 21 unused Assets / (29.8 KB). Loaded Objects now: 3636.
Memory consumption went from 183.4 MB to 183.4 MB.
Total: 3.511600 ms (FindLiveObjects: 0.405800 ms CreateObjectMapping: 0.084100 ms MarkObjects: 2.968900 ms  DeleteObjects: 0.051300 ms)

Prepare: number of updated asset objects reloaded= 0
AssetImportParameters requested are different than current active one (requested -> active):
  custom:container-demuxer-ogg: 62fdf1f143b41e24485cea50d1cbac27 -> 
  custom:video-decoder-ogg-theora: a1e56fd34408186e4bbccfd4996cb3dc -> 
  custom:framework-win-MediaFoundation: 216162199b28c13a410421893ffa2e32 -> 
  custom:CustomObjectIndexerAttribute: 756ad292c208cfabdd7b50bc23989ffe -> 
  custom:container-demuxer-webm: 4f35f7cbe854078d1ac9338744f61a02 -> 
  custom:container-muxer-webm: aa71ff27fc2769a1b78a27578f13a17b -> 
  custom:video-decoder-webm-vp8: 9c59270c3fd7afecdb556c50c9e8de78 -> 
  custom:SearchIndexIgnoredProperties: e643bd26f0fe6173181afceb89e7c659 -> 
  custom:AudioImporter_EditorPlatform: d09bf68614088b80899f8185d706f6e7 -> 
  custom:video-encoder-webm-vp8: eb34c28f22e8b96e1ab97ce403110664 -> 
  custom:audio-decoder-ogg-vorbis: bf7c407c2cedff20999df2af8eb42d56 -> 
  custom:audio-encoder-webm-vorbis: bf7c407c2cedff20999df2af8eb42d56 -> 
========================================================================
Received Prepare
Begin MonoManager ReloadAssembly
- Loaded All Assemblies, in  0.823 seconds
Refreshing native plugins compatible for Editor in 2.58 ms, found 3 plugins.
Native extension for WindowsStandalone target not found
Native extension for Android target not found
[Package Manager] Server::EnsureServerProcessIsRunning -- launch failed, reason: Unity was launched with the -noUpm command-line argument
[Package Manager] UpmClient::Send -- Unable to send message (not connected to UPM process).
[Package Manager] Cannot connect to Unity Package Manager local server
Mono: successfully reloaded assembly
- Finished resetting the current domain, in  0.947 seconds
Domain Reload Profiling: 1765ms
	BeginReloadAssembly (168ms)
		ExecutionOrderSort (0ms)
		DisableScriptedObjects (7ms)
		BackupInstance (0ms)
		ReleaseScriptingObjects (0ms)
		CreateAndSetChildDomain (38ms)
	RebuildCommonClasses (38ms)
	RebuildNativeTypeToScriptingClass (13ms)
	initialDomainReloadingComplete (41ms)
	LoadAllAssembliesAndSetupDomain (558ms)
		LoadAssemblies (312ms)
		RebuildTransferFunctionScriptingTraits (0ms)
		AnalyzeDomain (325ms)
			TypeCache.Refresh (314ms)
				TypeCache.ScanAssembly (300ms)
			ScanForSourceGeneratedMonoScriptInfo (3ms)
			ResolveRequiredComponents (7ms)
	FinalizeReload (947ms)
		ReleaseScriptCaches (0ms)
		RebuildScriptCaches (0ms)
		SetupLoadedEditorAssemblies (415ms)
			LogAssemblyErrors (0ms)
			InitializePlatformSupportModulesInManaged (30ms)
			SetLoadedEditorAssemblies (5ms)
			RefreshPlugins (0ms)
			BeforeProcessingInitializeOnLoad (70ms)
			ProcessInitializeOnLoadAttributes (274ms)
			ProcessInitializeOnLoadMethodAttributes (21ms)
			AfterProcessingInitializeOnLoad (15ms)
			EditorAssembliesLoaded (0ms)
		ExecutionOrderSort2 (0ms)
		AwakeInstancesAfterBackupRestoration (7ms)
Refreshing native plugins compatible for Editor in 2.48 ms, found 3 plugins.
Preloading 0 native plugins for Editor in 0.00 ms.
Unloading 3083 Unused Serialized files (Serialized files now loaded: 0)
Unloading 23 unused Assets / (30.8 KB). Loaded Objects now: 3637.
Memory consumption went from 182.3 MB to 182.2 MB.
Total: 3.166000 ms (FindLiveObjects: 0.280800 ms CreateObjectMapping: 0.083300 ms MarkObjects: 2.755000 ms  DeleteObjects: 0.045900 ms)

Prepare: number of updated asset objects reloaded= 12
AssetImportParameters requested are different than current active one (requested -> active):
  custom:container-demuxer-ogg: 62fdf1f143b41e24485cea50d1cbac27 -> 
  custom:video-decoder-ogg-theora: a1e56fd34408186e4bbccfd4996cb3dc -> 
  custom:framework-win-MediaFoundation: 216162199b28c13a410421893ffa2e32 -> 
  custom:CustomObjectIndexerAttribute: 756ad292c208cfabdd7b50bc23989ffe -> 
  custom:container-demuxer-webm: 4f35f7cbe854078d1ac9338744f61a02 -> 
  custom:container-muxer-webm: aa71ff27fc2769a1b78a27578f13a17b -> 
  custom:video-decoder-webm-vp8: 9c59270c3fd7afecdb556c50c9e8de78 -> 
  custom:SearchIndexIgnoredProperties: e643bd26f0fe6173181afceb89e7c659 -> 
  custom:AudioImporter_EditorPlatform: d09bf68614088b80899f8185d706f6e7 -> 
  custom:video-encoder-webm-vp8: eb34c28f22e8b96e1ab97ce403110664 -> 
  custom:audio-decoder-ogg-vorbis: bf7c407c2cedff20999df2af8eb42d56 -> 
  custom:audio-encoder-webm-vorbis: bf7c407c2cedff20999df2af8eb42d56 -> 
========================================================================
Received Import Request.
  Time since last request: 1924.380817 seconds.
  path: Assets/projects/waste bin/Models/waste bin_004.FBX
  artifactKey: Guid(7d7c38ffdfcc71640a9821858c5be2cc) Importer(815301076,1909f56bfc062723c751e8b465ee728b)
Start importing Assets/projects/waste bin/Models/waste bin_004.FBX using Guid(7d7c38ffdfcc71640a9821858c5be2cc) Importer(815301076,1909f56bfc062723c751e8b465ee728b)  -> (artifact id: '027b4aefeefdbac025feb7d070e1d47d') in 0.174955 seconds
Number of updated asset objects reloaded before import = 0
Number of asset objects unloaded after import = 12
========================================================================
Received Prepare
Begin MonoManager ReloadAssembly
- Loaded All Assemblies, in  0.806 seconds
Refreshing native plugins compatible for Editor in 2.44 ms, found 3 plugins.
Native extension for WindowsStandalone target not found
Native extension for Android target not found
[Package Manager] Server::EnsureServerProcessIsRunning -- launch failed, reason: Unity was launched with the -noUpm command-line argument
[Package Manager] UpmClient::Send -- Unable to send message (not connected to UPM process).
[Package Manager] Cannot connect to Unity Package Manager local server
Mono: successfully reloaded assembly
- Finished resetting the current domain, in  1.008 seconds
Domain Reload Profiling: 1809ms
	BeginReloadAssembly (182ms)
		ExecutionOrderSort (0ms)
		DisableScriptedObjects (6ms)
		BackupInstance (0ms)
		ReleaseScriptingObjects (0ms)
		CreateAndSetChildDomain (37ms)
	RebuildCommonClasses (41ms)
	RebuildNativeTypeToScriptingClass (14ms)
	initialDomainReloadingComplete (41ms)
	LoadAllAssembliesAndSetupDomain (523ms)
		LoadAssemblies (315ms)
		RebuildTransferFunctionScriptingTraits (0ms)
		AnalyzeDomain (303ms)
			TypeCache.Refresh (298ms)
				TypeCache.ScanAssembly (285ms)
			ScanForSourceGeneratedMonoScriptInfo (0ms)
			ResolveRequiredComponents (5ms)
	FinalizeReload (1009ms)
		ReleaseScriptCaches (0ms)
		RebuildScriptCaches (0ms)
		SetupLoadedEditorAssemblies (499ms)
			LogAssemblyErrors (0ms)
			InitializePlatformSupportModulesInManaged (40ms)
			SetLoadedEditorAssemblies (4ms)
			RefreshPlugins (0ms)
			BeforeProcessingInitializeOnLoad (86ms)
			ProcessInitializeOnLoadAttributes (325ms)
			ProcessInitializeOnLoadMethodAttributes (26ms)
			AfterProcessingInitializeOnLoad (18ms)
			EditorAssembliesLoaded (0ms)
		ExecutionOrderSort2 (0ms)
		AwakeInstancesAfterBackupRestoration (8ms)
Refreshing native plugins compatible for Editor in 3.55 ms, found 3 plugins.
Preloading 0 native plugins for Editor in 0.00 ms.
Unloading 3083 Unused Serialized files (Serialized files now loaded: 0)
Unloading 21 unused Assets / (29.8 KB). Loaded Objects now: 3628.
Memory consumption went from 122.9 MB to 122.8 MB.
Total: 3.520500 ms (FindLiveObjects: 0.391500 ms CreateObjectMapping: 0.181100 ms MarkObjects: 2.897500 ms  DeleteObjects: 0.049100 ms)

Prepare: number of updated asset objects reloaded= 0
AssetImportParameters requested are different than current active one (requested -> active):
  custom:container-demuxer-ogg: 62fdf1f143b41e24485cea50d1cbac27 -> 
  custom:video-decoder-ogg-theora: a1e56fd34408186e4bbccfd4996cb3dc -> 
  custom:framework-win-MediaFoundation: 216162199b28c13a410421893ffa2e32 -> 
  custom:CustomObjectIndexerAttribute: 756ad292c208cfabdd7b50bc23989ffe -> 
  custom:container-demuxer-webm: 4f35f7cbe854078d1ac9338744f61a02 -> 
  custom:container-muxer-webm: aa71ff27fc2769a1b78a27578f13a17b -> 
  custom:video-decoder-webm-vp8: 9c59270c3fd7afecdb556c50c9e8de78 -> 
  custom:SearchIndexIgnoredProperties: e643bd26f0fe6173181afceb89e7c659 -> 
  custom:AudioImporter_EditorPlatform: d09bf68614088b80899f8185d706f6e7 -> 
  custom:video-encoder-webm-vp8: eb34c28f22e8b96e1ab97ce403110664 -> 
  custom:audio-decoder-ogg-vorbis: bf7c407c2cedff20999df2af8eb42d56 -> 
  custom:audio-encoder-webm-vorbis: bf7c407c2cedff20999df2af8eb42d56 -> 
========================================================================
Received Import Request.
  Time since last request: 411.762382 seconds.
  path: Assets/Standard Assets/Printer/Printer_Prefab.prefab
  artifactKey: Guid(528b296222006d44ba3a021afb2b9e85) Importer(815301076,1909f56bfc062723c751e8b465ee728b)
Start importing Assets/Standard Assets/Printer/Printer_Prefab.prefab using Guid(528b296222006d44ba3a021afb2b9e85) Importer(815301076,1909f56bfc062723c751e8b465ee728b)  -> (artifact id: 'da2de18b47252a7db273125fd841fa52') in 0.225158 seconds
Number of updated asset objects reloaded before import = 0
Number of asset objects unloaded after import = 25
========================================================================
Received Import Request.
  Time since last request: 316.520594 seconds.
  path: Assets/NAACo/Warehouse_Pack_HD/Common/Textures/Cardboard_boxes_1_1_MaskMap.png
  artifactKey: Guid(cc3d4824079b8c649858eaac403170e5) Importer(815301076,1909f56bfc062723c751e8b465ee728b)
Start importing Assets/NAACo/Warehouse_Pack_HD/Common/Textures/Cardboard_boxes_1_1_MaskMap.png using Guid(cc3d4824079b8c649858eaac403170e5) Importer(815301076,1909f56bfc062723c751e8b465ee728b)  -> (artifact id: '53758f414cf18cd2ee0e0ba3085d4b1b') in 0.065102 seconds
Number of updated asset objects reloaded before import = 0
Number of asset objects unloaded after import = 2
========================================================================
Received Import Request.
  Time since last request: 1.409685 seconds.
  path: Assets/NAACo/Warehouse_Pack_HD/Common/Mesh/Box_2.fbx
  artifactKey: Guid(827b5035a6b95434188645eec8510903) Importer(815301076,1909f56bfc062723c751e8b465ee728b)
Start importing Assets/NAACo/Warehouse_Pack_HD/Common/Mesh/Box_2.fbx using Guid(827b5035a6b95434188645eec8510903) Importer(815301076,1909f56bfc062723c751e8b465ee728b)  -> (artifact id: '51e7c6e062c182db9a79a11394c7e9b3') in 0.061323 seconds
Number of updated asset objects reloaded before import = 0
Number of asset objects unloaded after import = 8
========================================================================
Received Import Request.
  Time since last request: 0.000022 seconds.
  path: Assets/NAACo/Warehouse_Pack_HD/Common/Mesh/Box_4.fbx
  artifactKey: Guid(6af8a99f58ac88f49af8b6be8bf256fb) Importer(815301076,1909f56bfc062723c751e8b465ee728b)
Start importing Assets/NAACo/Warehouse_Pack_HD/Common/Mesh/Box_4.fbx using Guid(6af8a99f58ac88f49af8b6be8bf256fb) Importer(815301076,1909f56bfc062723c751e8b465ee728b)  -> (artifact id: 'b4f561ee57e86ab763ff469d7cff5384') in 0.023634 seconds
Number of updated asset objects reloaded before import = 0
Number of asset objects unloaded after import = 8
========================================================================
Received Import Request.
  Time since last request: 11.351117 seconds.
  path: Assets/NAACo/Warehouse_Pack_HD/HDRP/Demo/DemoScene/HDRPDefaultResources/Foliage Diffusion Profile.asset
  artifactKey: Guid(6255462690898c549a16cab658c3c2cc) Importer(815301076,1909f56bfc062723c751e8b465ee728b)
Start importing Assets/NAACo/Warehouse_Pack_HD/HDRP/Demo/DemoScene/HDRPDefaultResources/Foliage Diffusion Profile.asset using Guid(6255462690898c549a16cab658c3c2cc) Importer(815301076,1909f56bfc062723c751e8b465ee728b)  -> (artifact id: '081c8e7d2b45259bb6997895683ad424') in 0.001232 seconds
Number of updated asset objects reloaded before import = 0
Number of asset objects unloaded after import = 1
========================================================================
Received Import Request.
  Time since last request: 0.000015 seconds.
  path: Assets/NAACo/Warehouse_Pack_HD/HDRP/Demo/DemoScene/HDRPDefaultResources/HDRenderPipelineAsset.asset
  artifactKey: Guid(c96fca0b4a5992c4c9f77ea39ec98f8f) Importer(815301076,1909f56bfc062723c751e8b465ee728b)
Start importing Assets/NAACo/Warehouse_Pack_HD/HDRP/Demo/DemoScene/HDRPDefaultResources/HDRenderPipelineAsset.asset using Guid(c96fca0b4a5992c4c9f77ea39ec98f8f) Importer(815301076,1909f56bfc062723c751e8b465ee728b)  -> (artifact id: '9a7d95e81d0c3b89ea3ddb1c71411075') in 0.001662 seconds
Number of updated asset objects reloaded before import = 0
Number of asset objects unloaded after import = 1
========================================================================
Received Import Request.
  Time since last request: 3.311873 seconds.
  path: Assets/NAACo/Warehouse_Pack_HD/HDRP/Prefabs/Box_2.prefab
  artifactKey: Guid(dd3392c11f58ebd459f866d47de6ac0f) Importer(815301076,1909f56bfc062723c751e8b465ee728b)
Start importing Assets/NAACo/Warehouse_Pack_HD/HDRP/Prefabs/Box_2.prefab using Guid(dd3392c11f58ebd459f866d47de6ac0f) Importer(815301076,1909f56bfc062723c751e8b465ee728b)  -> (artifact id: '9564deefd9525d0bd9f75eb9583d3b94') in 0.083661 seconds
Number of updated asset objects reloaded before import = 0
Number of asset objects unloaded after import = 21
========================================================================
Received Import Request.
  Time since last request: 0.000022 seconds.
  path: Assets/NAACo/Warehouse_Pack_HD/HDRP/Prefabs/Box_3.prefab
  artifactKey: Guid(6ea21a7ad97f8ab41bcc4f77f90bbf1f) Importer(815301076,1909f56bfc062723c751e8b465ee728b)
Start importing Assets/NAACo/Warehouse_Pack_HD/HDRP/Prefabs/Box_3.prefab using Guid(6ea21a7ad97f8ab41bcc4f77f90bbf1f) Importer(815301076,1909f56bfc062723c751e8b465ee728b)  -> (artifact id: 'c56ee5caaa94e8f522eeefab110b5b65') in 0.056401 seconds
Number of updated asset objects reloaded before import = 0
Number of asset objects unloaded after import = 21
========================================================================
Received Import Request.
  Time since last request: 1979.643345 seconds.
  path: Assets/New Material 11.mat
  artifactKey: Guid(08f9aa272aeb56d4ab188200fcfdb700) Importer(815301076,1909f56bfc062723c751e8b465ee728b)
Start importing Assets/New Material 11.mat using Guid(08f9aa272aeb56d4ab188200fcfdb700) Importer(815301076,1909f56bfc062723c751e8b465ee728b)  -> (artifact id: '2a8bc36912e1e6a90517353c8a6018cf') in 0.015804 seconds
Number of updated asset objects reloaded before import = 0
Number of asset objects unloaded after import = 1
========================================================================
Received Import Request.
  Time since last request: 91.771420 seconds.
  path: Assets/Bar Chair/Objects/LeatherChair.fbx
  artifactKey: Guid(fe29ec2331ed59241a8a974943ef25b0) Importer(815301076,1909f56bfc062723c751e8b465ee728b)
Start importing Assets/Bar Chair/Objects/LeatherChair.fbx using Guid(fe29ec2331ed59241a8a974943ef25b0) Importer(815301076,1909f56bfc062723c751e8b465ee728b)  -> (artifact id: '32d3e66fcb20cc06b452012b922d8370') in 0.888461 seconds
Number of updated asset objects reloaded before import = 0
Number of asset objects unloaded after import = 26
========================================================================
Received Import Request.
  Time since last request: 85.123408 seconds.
  path: Assets/Adventure_Character/Mesh/Stand.obj
  artifactKey: Guid(3c301751d216fda459821781864ff346) Importer(815301076,1909f56bfc062723c751e8b465ee728b)
Start importing Assets/Adventure_Character/Mesh/Stand.obj using Guid(3c301751d216fda459821781864ff346) Importer(815301076,1909f56bfc062723c751e8b465ee728b)  -> (artifact id: '5d841c02aeacaa8b2e59ad7b6bde1b4e') in 0.039727 seconds
Number of updated asset objects reloaded before import = 0
Number of asset objects unloaded after import = 10
========================================================================
Received Import Request.
  Time since last request: 1.878497 seconds.
  path: Assets/Adventure_Character/Prefabs/Man_02.prefab
  artifactKey: Guid(7ee9a881584999e498cd568894ff4b39) Importer(815301076,1909f56bfc062723c751e8b465ee728b)
Start importing Assets/Adventure_Character/Prefabs/Man_02.prefab using Guid(7ee9a881584999e498cd568894ff4b39) Importer(815301076,1909f56bfc062723c751e8b465ee728b)  -> (artifact id: '372e54071bef971b96856d058b7b7c6b') in 0.316024 seconds
Number of updated asset objects reloaded before import = 0
Number of asset objects unloaded after import = 199
========================================================================
Received Import Request.
  Time since last request: 0.000029 seconds.
  path: Assets/Adventure_Character/Prefabs/Man_04.prefab
  artifactKey: Guid(889d24f8fc349cf45b463fb9b13b0143) Importer(815301076,1909f56bfc062723c751e8b465ee728b)
Start importing Assets/Adventure_Character/Prefabs/Man_04.prefab using Guid(889d24f8fc349cf45b463fb9b13b0143) Importer(815301076,1909f56bfc062723c751e8b465ee728b)  -> (artifact id: '93ddbd2b7ac9ef0ee3df562c76428b22') in 0.262479 seconds
Number of updated asset objects reloaded before import = 0
Number of asset objects unloaded after import = 199
Editor requested this worker to shutdown with reason: Scaling down because of idle timeout
TcpMessagingSession - receive error: operation aborted. errorcode: 995, details: A operação de E/S foi anulada devido a uma saída de thread ou a uma requisição de aplicativo.
AssetImportWorker is now disconnected from the server
Process exiting
Exiting without the bug reporter. Application will terminate with return code 0